<?xml version="1.0" encoding="UTF-8"?>
<!-- Generated by org.testng.reporters.JUnitReportReporter -->
<testsuite hostname="DESKTOP-V9PO8SH" failures="0" tests="1" name="com.maven.MavenTest" time="0.017" errors="0" timestamp="02 Dec 2018 17:00:13 GMT" skipped="0">
  <testcase classname="com.maven.MavenTest" name="hello" time="0.017"/>
</testsuite> <!-- com.maven.MavenTest -->
